<?xml version="1.0" encoding="UTF-8"?>
<!-- Generated by org.testng.reporters.JUnitReportReporter -->
<testsuite hostname="LAPTOP-C35BPLT1" failures="0" tests="1" name="testpkg.Saucelogintest" time="2.313" errors="0" timestamp="2024-09-30T16:40:13 IST" skipped="0">
  <testcase classname="testpkg.Saucelogintest" name="loginpage" time="2.313"/>
  <system-out/>
</testsuite> <!-- testpkg.Saucelogintest -->
